                                      1 ;--------------------------------------------------------
                                      2 ; File Created by SDCC : free open source ISO C Compiler 
                                      3 ; Version 4.2.2 #13350 (MINGW64)
                                      4 ;--------------------------------------------------------
                                      5 	.module main
                                      6 	.optsdcc -msm83
                                      7 	
                                      8 ;--------------------------------------------------------
                                      9 ; Public variables in this module
                                     10 ;--------------------------------------------------------
                                     11 	.globl _main
                                     12 	.globl _set_sprite_data
                                     13 	.globl _sprite_1
                                     14 ;--------------------------------------------------------
                                     15 ; special function registers
                                     16 ;--------------------------------------------------------
                                     17 ;--------------------------------------------------------
                                     18 ; ram data
                                     19 ;--------------------------------------------------------
                                     20 	.area _DATA
                                     21 ;--------------------------------------------------------
                                     22 ; ram data
                                     23 ;--------------------------------------------------------
                                     24 	.area _INITIALIZED
      000000                         25 _sprite_1::
      000000                         26 	.ds 32
                                     27 ;--------------------------------------------------------
                                     28 ; absolute external ram data
                                     29 ;--------------------------------------------------------
                                     30 	.area _DABS (ABS)
                                     31 ;--------------------------------------------------------
                                     32 ; global & static initialisations
                                     33 ;--------------------------------------------------------
                                     34 	.area _HOME
                                     35 	.area _GSINIT
                                     36 	.area _GSFINAL
                                     37 	.area _GSINIT
                                     38 ;--------------------------------------------------------
                                     39 ; Home
                                     40 ;--------------------------------------------------------
                                     41 	.area _HOME
                                     42 	.area _HOME
                                     43 ;--------------------------------------------------------
                                     44 ; code
                                     45 ;--------------------------------------------------------
                                     46 	.area _CODE
                                     47 ;.\src\main.c:18: void main(){
                                     48 ;	---------------------------------
                                     49 ; Function main
                                     50 ; ---------------------------------
      000000                         51 _main::
                                     52 ;.\src\main.c:19: set_sprite_data(0,2, sprite_1); // add to sprite memory the 2 tile of sprite_1
      000000 11r00r00         [12]   53 	ld	de, #_sprite_1
      000003 D5               [16]   54 	push	de
      000004 21 00 02         [12]   55 	ld	hl, #0x200
      000007 E5               [16]   56 	push	hl
      000008 CDr00r00         [24]   57 	call	_set_sprite_data
      00000B E8 04            [16]   58 	add	sp, #4
                                     59 ;C:/gbdk/include/gb/gb.h:1602: shadow_OAM[nb].tile=tile;
      00000D 21r02r00         [12]   60 	ld	hl, #(_shadow_OAM + 2)
      000010 36 00            [12]   61 	ld	(hl), #0x00
                                     62 ;C:/gbdk/include/gb/gb.h:1675: OAM_item_t * itm = &shadow_OAM[nb];
      000012 21r00r00         [12]   63 	ld	hl, #_shadow_OAM
                                     64 ;C:/gbdk/include/gb/gb.h:1676: itm->y=y, itm->x=x;
      000015 3E 4E            [ 8]   65 	ld	a, #0x4e
      000017 22               [ 8]   66 	ld	(hl+), a
      000018 36 58            [12]   67 	ld	(hl), #0x58
                                     68 ;.\src\main.c:22: SHOW_SPRITES;                   // update the sprites layer ...
      00001A F0r00            [12]   69 	ldh	a, (_LCDC_REG + 0)
      00001C F6 02            [ 8]   70 	or	a, #0x02
      00001E E0r00            [12]   71 	ldh	(_LCDC_REG + 0), a
                                     72 ;.\src\main.c:23: }
      000020 C9               [16]   73 	ret
                                     74 	.area _CODE
                                     75 	.area _INITIALIZER
      000000                         76 __xinit__sprite_1:
      000000 7E                      77 	.db #0x7e	; 126
      000001 7E                      78 	.db #0x7e	; 126
      000002 BD                      79 	.db #0xbd	; 189
      000003 C3                      80 	.db #0xc3	; 195
      000004 C3                      81 	.db #0xc3	; 195
      000005 FF                      82 	.db #0xff	; 255
      000006 FF                      83 	.db #0xff	; 255
      000007 BD                      84 	.db #0xbd	; 189
      000008 DB                      85 	.db #0xdb	; 219
      000009 A5                      86 	.db #0xa5	; 165
      00000A FF                      87 	.db #0xff	; 255
      00000B A5                      88 	.db #0xa5	; 165
      00000C 66                      89 	.db #0x66	; 102	'f'
      00000D 5A                      90 	.db #0x5a	; 90	'Z'
      00000E 3C                      91 	.db #0x3c	; 60
      00000F 3C                      92 	.db #0x3c	; 60
      000010 7E                      93 	.db #0x7e	; 126
      000011 7E                      94 	.db #0x7e	; 126
      000012 89                      95 	.db #0x89	; 137
      000013 F7                      96 	.db #0xf7	; 247
      000014 C3                      97 	.db #0xc3	; 195
      000015 BD                      98 	.db #0xbd	; 189
      000016 BD                      99 	.db #0xbd	; 189
      000017 FF                     100 	.db #0xff	; 255
      000018 FF                     101 	.db #0xff	; 255
      000019 C3                     102 	.db #0xc3	; 195
      00001A FF                     103 	.db #0xff	; 255
      00001B A5                     104 	.db #0xa5	; 165
      00001C 7E                     105 	.db #0x7e	; 126
      00001D 42                     106 	.db #0x42	; 66	'B'
      00001E 3C                     107 	.db #0x3c	; 60
      00001F 3C                     108 	.db #0x3c	; 60
                                    109 	.area _CABS (ABS)
